生成启动时间为 2019/7/31 14:48:32。
     1>项目“E:\2C_code\扫雷\扫雷\扫雷.vcxproj”在节点 2 上(Build 个目标)。
     1>ClCompile:
         F:\新建文件夹 (2)\VC\bin\CL.exe /c /ZI /nologo /W3 /WX- /sdl /Od /Oy- /D _UNICODE /D UNICODE /Gm /EHsc /RTC1 /MDd /GS /fp:precise /Zc:wchar_t /Zc:forScope /Fo"Debug\\" /Fd"Debug\vc120.pdb" /Gd /TC /analyze- /errorReport:prompt game.c test.c
         test.c
     1>e:\2c_code\扫雷\扫雷\test.c(4): error C2054: 在“show_mine”之后应输入“(”
     1>e:\2c_code\扫雷\扫雷\test.c(5): error C2085: “meau”: 不在形参表中
     1>e:\2c_code\扫雷\扫雷\test.c(5): error C2143: 语法错误 : 缺少“;”(在“{”的前面)
     1>e:\2c_code\扫雷\扫雷\test.c(18): warning C4013: “meau”未定义；假设外部返回 int
     1>e:\2c_code\扫雷\扫雷\test.c(26): warning C4013: “game”未定义；假设外部返回 int
         game.c
     1>e:\2c_code\扫雷\扫雷\game.c(5): error C2054: 在“show_mine”之后应输入“(”
     1>e:\2c_code\扫雷\扫雷\game.c(5): error C2057: 应输入常量表达式
     1>e:\2c_code\扫雷\扫雷\game.c(5): error C2466: 不能分配常量大小为 0 的数组
     1>e:\2c_code\扫雷\扫雷\game.c(5): error C2087: “show_mine”: 缺少下标
     1>e:\2c_code\扫雷\扫雷\game.c(5): error C2082: 形参“show_mine”的重定义
     1>e:\2c_code\扫雷\扫雷\game.c(5): error C2143: 语法错误 : 缺少“;”(在“=”的前面)
     1>e:\2c_code\扫雷\扫雷\game.c(159): warning C4013: “open_mine”未定义；假设外部返回 int
     1>e:\2c_code\扫雷\扫雷\game.c(190): error C2371: “open_mine”: 重定义；不同的基类型
         正在生成代码...
     1>已完成生成项目“E:\2C_code\扫雷\扫雷\扫雷.vcxproj”(Build 个目标)的操作 - 失败。

生成失败。

已用时间 00:00:02.60
